{"/Users/bahadirsofuoglu/Documents/projects/matching-card-memory-game/src/App.vue": {"path":"/Users/bahadirsofuoglu/Documents/projects/matching-card-memory-game/src/App.vue","statementMap":{"0":{"start":{"line":20,"column":0},"end":{"line":20,"column":null}},"1":{"start":{"line":21,"column":0},"end":{"line":21,"column":null}},"2":{"start":{"line":22,"column":0},"end":{"line":22,"column":null}},"3":{"start":{"line":23,"column":0},"end":{"line":23,"column":null}},"4":{"start":{"line":24,"column":0},"end":{"line":24,"column":null}},"5":{"start":{"line":26,"column":15},"end":{"line":26,"column":null}},"6":{"start":{"line":29,"column":16},"end":{"line":29,"column":20}},"7":{"start":{"line":30,"column":16},"end":{"line":30,"column":20}},"8":{"start":{"line":31,"column":16},"end":{"line":31,"column":20}},"9":{"start":{"line":32,"column":16},"end":{"line":32,"column":20}},"10":{"start":{"line":33,"column":21},"end":{"line":33,"column":25}},"11":{"start":{"line":34,"column":28},"end":{"line":34,"column":32}},"12":{"start":{"line":35,"column":24},"end":{"line":35,"column":28}},"13":{"start":{"line":36,"column":28},"end":{"line":36,"column":null}},"14":{"start":{"line":38,"column":4},"end":{"line":38,"column":14}},"15":{"start":{"line":39,"column":6},"end":{"line":39,"column":12}},"16":{"start":{"line":41,"column":6},"end":{"line":41,"column":19}},"17":{"start":{"line":44,"column":4},"end":{"line":44,"column":10}},"18":{"start":{"line":45,"column":6},"end":{"line":47,"column":null}},"19":{"start":{"line":46,"column":8},"end":{"line":46,"column":null}},"20":{"start":{"line":50,"column":23},"end":{"line":55,"column":null}},"21":{"start":{"line":51,"column":6},"end":{"line":51,"column":16}},"22":{"start":{"line":52,"column":6},"end":{"line":52,"column":15}},"23":{"start":{"line":53,"column":6},"end":{"line":53,"column":23}},"24":{"start":{"line":54,"column":6},"end":{"line":54,"column":23}},"25":{"start":{"line":57,"column":23},"end":{"line":82,"column":null}},"26":{"start":{"line":58,"column":6},"end":{"line":58,"column":16}},"27":{"start":{"line":59,"column":6},"end":{"line":59,"column":16}},"28":{"start":{"line":60,"column":6},"end":{"line":66,"column":null}},"29":{"start":{"line":61,"column":8},"end":{"line":61,"column":14}},"30":{"start":{"line":62,"column":10},"end":{"line":62,"column":20}},"31":{"start":{"line":63,"column":10},"end":{"line":63,"column":27}},"32":{"start":{"line":64,"column":10},"end":{"line":64,"column":15}},"33":{"start":{"line":67,"column":6},"end":{"line":67,"column":23}},"34":{"start":{"line":69,"column":6},"end":{"line":73,"column":null}},"35":{"start":{"line":69,"column":33},"end":{"line":69,"column":55}},"36":{"start":{"line":70,"column":8},"end":{"line":70,"column":13}},"37":{"start":{"line":71,"column":8},"end":{"line":71,"column":13}},"38":{"start":{"line":72,"column":8},"end":{"line":72,"column":14}},"39":{"start":{"line":75,"column":6},"end":{"line":75,"column":12}},"40":{"start":{"line":76,"column":8},"end":{"line":76,"column":18}},"41":{"start":{"line":79,"column":6},"end":{"line":79,"column":12}},"42":{"start":{"line":80,"column":8},"end":{"line":80,"column":null}},"43":{"start":{"line":84,"column":41},"end":{"line":97,"column":null}},"44":{"start":{"line":85,"column":6},"end":{"line":95,"column":null}},"45":{"start":{"line":86,"column":8},"end":{"line":86,"column":14}},"46":{"start":{"line":87,"column":13},"end":{"line":95,"column":null}},"47":{"start":{"line":88,"column":8},"end":{"line":88,"column":14}},"48":{"start":{"line":90,"column":8},"end":{"line":90,"column":13}},"49":{"start":{"line":94,"column":8},"end":{"line":94,"column":13}},"50":{"start":{"line":96,"column":6},"end":{"line":96,"column":12}},"51":{"start":{"line":99,"column":25},"end":{"line":108,"column":null}},"52":{"start":{"line":100,"column":31},"end":{"line":100,"column":null}},"53":{"start":{"line":103,"column":6},"end":{"line":103,"column":12}},"54":{"start":{"line":109,"column":27},"end":{"line":112,"column":null}},"55":{"start":{"line":110,"column":27},"end":{"line":110,"column":null}},"56":{"start":{"line":110,"column":51},"end":{"line":110,"column":71}},"57":{"start":{"line":111,"column":6},"end":{"line":111,"column":11}},"58":{"start":{"line":113,"column":33},"end":{"line":127,"column":null}},"59":{"start":{"line":114,"column":6},"end":{"line":114,"column":11}},"60":{"start":{"line":117,"column":10},"end":{"line":117,"column":17}},"61":{"start":{"line":120,"column":10},"end":{"line":120,"column":11}},"62":{"start":{"line":124,"column":10},"end":{"line":124,"column":17}},"63":{"start":{"line":126,"column":20},"end":{"line":126,"column":30}},"64":{"start":{"line":129,"column":4},"end":{"line":129,"column":11}}},"fnMap":{"0":{"name":"(anonymous_0)","decl":{"start":{"line":28,"column":2},"end":{"line":28,"column":7}},"loc":{"start":{"line":28,"column":11},"end":{"line":140,"column":null}}},"1":{"name":"(anonymous_1)","decl":{"start":{"line":38,"column":14},"end":{"line":38,"column":26}},"loc":{"start":{"line":38,"column":26},"end":{"line":42,"column":null}}},"2":{"name":"(anonymous_2)","decl":{"start":{"line":44,"column":17},"end":{"line":44,"column":29}},"loc":{"start":{"line":44,"column":33},"end":{"line":48,"column":null}}},"3":{"name":"(anonymous_3)","decl":{"start":{"line":50,"column":23},"end":{"line":50,"column":32}},"loc":{"start":{"line":50,"column":36},"end":{"line":55,"column":null}}},"4":{"name":"(anonymous_4)","decl":{"start":{"line":57,"column":23},"end":{"line":57,"column":29}},"loc":{"start":{"line":57,"column":43},"end":{"line":82,"column":null}}},"5":{"name":"(anonymous_5)","decl":{"start":{"line":61,"column":26},"end":{"line":61,"column":32}},"loc":{"start":{"line":61,"column":32},"end":{"line":65,"column":11}}},"6":{"name":"(anonymous_6)","decl":{"start":{"line":69,"column":28},"end":{"line":69,"column":29}},"loc":{"start":{"line":69,"column":33},"end":{"line":69,"column":55}}},"7":{"name":"(anonymous_7)","decl":{"start":{"line":75,"column":24},"end":{"line":75,"column":30}},"loc":{"start":{"line":75,"column":30},"end":{"line":77,"column":9}}},"8":{"name":"(anonymous_8)","decl":{"start":{"line":79,"column":24},"end":{"line":79,"column":30}},"loc":{"start":{"line":79,"column":30},"end":{"line":81,"column":9}}},"9":{"name":"(anonymous_9)","decl":{"start":{"line":84,"column":41},"end":{"line":84,"column":53}},"loc":{"start":{"line":84,"column":53},"end":{"line":97,"column":null}}},"10":{"name":"(anonymous_10)","decl":{"start":{"line":99,"column":25},"end":{"line":99,"column":37}},"loc":{"start":{"line":99,"column":37},"end":{"line":108,"column":null}}},"11":{"name":"(anonymous_11)","decl":{"start":{"line":109,"column":27},"end":{"line":109,"column":33}},"loc":{"start":{"line":109,"column":33},"end":{"line":112,"column":null}}},"12":{"name":"(anonymous_12)","decl":{"start":{"line":110,"column":46},"end":{"line":110,"column":47}},"loc":{"start":{"line":110,"column":51},"end":{"line":110,"column":71}}},"13":{"name":"(anonymous_13)","decl":{"start":{"line":113,"column":33},"end":{"line":113,"column":39}},"loc":{"start":{"line":113,"column":39},"end":{"line":127,"column":null}}},"14":{"name":"(anonymous_14)","decl":{"start":{"line":116,"column":16},"end":{"line":116,"column":26}},"loc":{"start":{"line":116,"column":40},"end":{"line":118,"column":11}}},"15":{"name":"(anonymous_15)","decl":{"start":{"line":119,"column":13},"end":{"line":119,"column":14}},"loc":{"start":{"line":119,"column":23},"end":{"line":125,"column":null}}},"16":{"name":"(anonymous_16)","decl":{"start":{"line":126,"column":14},"end":{"line":126,"column":20}},"loc":{"start":{"line":126,"column":20},"end":{"line":126,"column":30}}}},"branchMap":{"0":{"loc":{"start":{"line":45,"column":6},"end":{"line":47,"column":null}},"type":"if","locations":[{"start":{"line":45,"column":6},"end":{"line":47,"column":null}},{"start":{"line":45,"column":6},"end":{"line":47,"column":null}}]},"1":{"loc":{"start":{"line":60,"column":6},"end":{"line":66,"column":null}},"type":"if","locations":[{"start":{"line":60,"column":6},"end":{"line":66,"column":null}},{"start":{"line":60,"column":6},"end":{"line":66,"column":null}}]},"2":{"loc":{"start":{"line":69,"column":6},"end":{"line":73,"column":null}},"type":"if","locations":[{"start":{"line":69,"column":6},"end":{"line":73,"column":null}},{"start":{"line":69,"column":6},"end":{"line":73,"column":null}}]},"3":{"loc":{"start":{"line":85,"column":6},"end":{"line":95,"column":null}},"type":"if","locations":[{"start":{"line":85,"column":6},"end":{"line":95,"column":null}},{"start":{"line":85,"column":6},"end":{"line":95,"column":null}}]},"4":{"loc":{"start":{"line":87,"column":13},"end":{"line":95,"column":null}},"type":"if","locations":[{"start":{"line":87,"column":13},"end":{"line":95,"column":null}},{"start":{"line":87,"column":13},"end":{"line":95,"column":null}}]},"5":{"loc":{"start":{"line":91,"column":12},"end":{"line":91,"column":null}},"type":"cond-expr","locations":[{"start":{"line":91,"column":12},"end":{"line":91,"column":null}},{"start":{"line":92,"column":12},"end":{"line":92,"column":18}}]}},"s":{"0":0,"1":0,"2":0,"3":0,"4":0,"5":0,"6":0,"7":0,"8":0,"9":0,"10":0,"11":0,"12":0,"13":0,"14":0,"15":0,"16":0,"17":0,"18":0,"19":0,"20":0,"21":0,"22":0,"23":0,"24":0,"25":0,"26":0,"27":0,"28":0,"29":0,"30":0,"31":0,"32":0,"33":0,"34":0,"35":0,"36":0,"37":0,"38":0,"39":0,"40":0,"41":0,"42":0,"43":0,"44":0,"45":0,"46":0,"47":0,"48":0,"49":0,"50":0,"51":0,"52":0,"53":0,"54":0,"55":0,"56":0,"57":0,"58":0,"59":0,"60":0,"61":0,"62":0,"63":0,"64":0},"f":{"0":0,"1":0,"2":0,"3":0,"4":0,"5":0,"6":0,"7":0,"8":0,"9":0,"10":0,"11":0,"12":0,"13":0,"14":0,"15":0,"16":0},"b":{"0":[0,0],"1":[0,0],"2":[0,0],"3":[0,0],"4":[0,0],"5":[0,0]}}
,"/Users/bahadirsofuoglu/Documents/projects/matching-card-memory-game/src/components/Card.vue": {"path":"/Users/bahadirsofuoglu/Documents/projects/matching-card-memory-game/src/components/Card.vue","statementMap":{"0":{"start":{"line":13,"column":0},"end":{"line":13,"column":null}},"1":{"start":{"line":14,"column":15},"end":{"line":14,"column":null}},"2":{"start":{"line":22,"column":26},"end":{"line":22,"column":35}},"3":{"start":{"line":23,"column":6},"end":{"line":25,"column":null}},"4":{"start":{"line":24,"column":8},"end":{"line":24,"column":15}},"5":{"start":{"line":26,"column":6},"end":{"line":26,"column":13}},"6":{"start":{"line":29,"column":21},"end":{"line":31,"column":null}},"7":{"start":{"line":30,"column":6},"end":{"line":30,"column":10}},"8":{"start":{"line":32,"column":4},"end":{"line":32,"column":11}}},"fnMap":{"0":{"name":"(anonymous_0)","decl":{"start":{"line":21,"column":2},"end":{"line":21,"column":7}},"loc":{"start":{"line":21,"column":26},"end":{"line":33,"column":null}}},"1":{"name":"(anonymous_1)","decl":{"start":{"line":22,"column":35},"end":{"line":22,"column":41}},"loc":{"start":{"line":22,"column":41},"end":{"line":27,"column":null}}},"2":{"name":"(anonymous_2)","decl":{"start":{"line":29,"column":21},"end":{"line":29,"column":22}},"loc":{"start":{"line":29,"column":26},"end":{"line":31,"column":null}}}},"branchMap":{"0":{"loc":{"start":{"line":23,"column":6},"end":{"line":25,"column":null}},"type":"if","locations":[{"start":{"line":23,"column":6},"end":{"line":25,"column":null}},{"start":{"line":23,"column":6},"end":{"line":25,"column":null}}]}},"s":{"0":0,"1":0,"2":0,"3":0,"4":0,"5":0,"6":0,"7":0,"8":0},"f":{"0":0,"1":0,"2":0},"b":{"0":[0,0]}}
,"/Users/bahadirsofuoglu/Documents/projects/matching-card-memory-game/src/components/Header.vue": {"path":"/Users/bahadirsofuoglu/Documents/projects/matching-card-memory-game/src/components/Header.vue","statementMap":{"0":{"start":{"line":12,"column":0},"end":{"line":12,"column":null}},"1":{"start":{"line":13,"column":15},"end":{"line":13,"column":null}},"2":{"start":{"line":30,"column":22},"end":{"line":30,"column":31}},"3":{"start":{"line":31,"column":6},"end":{"line":33,"column":null}},"4":{"start":{"line":32,"column":8},"end":{"line":32,"column":16}},"5":{"start":{"line":34,"column":6},"end":{"line":34,"column":13}},"6":{"start":{"line":36,"column":4},"end":{"line":36,"column":11}}},"fnMap":{"0":{"name":"(anonymous_0)","decl":{"start":{"line":29,"column":2},"end":{"line":29,"column":7}},"loc":{"start":{"line":29,"column":16},"end":{"line":39,"column":null}}},"1":{"name":"(anonymous_1)","decl":{"start":{"line":30,"column":31},"end":{"line":30,"column":37}},"loc":{"start":{"line":30,"column":37},"end":{"line":35,"column":null}}}},"branchMap":{"0":{"loc":{"start":{"line":31,"column":6},"end":{"line":33,"column":null}},"type":"if","locations":[{"start":{"line":31,"column":6},"end":{"line":33,"column":null}},{"start":{"line":31,"column":6},"end":{"line":33,"column":null}}]}},"s":{"0":1,"1":1,"2":1,"3":2,"4":1,"5":1,"6":1},"f":{"0":1,"1":2},"b":{"0":[1,1]}}
}
