TN:
SF:/Users/bahadirsofuoglu/Documents/projects/matching-card-memory-game/src/App.vue
FN:28,(anonymous_0)
FN:38,(anonymous_1)
FN:44,(anonymous_2)
FN:50,(anonymous_3)
FN:57,(anonymous_4)
FN:61,(anonymous_5)
FN:69,(anonymous_6)
FN:75,(anonymous_7)
FN:79,(anonymous_8)
FN:84,(anonymous_9)
FN:99,(anonymous_10)
FN:109,(anonymous_11)
FN:110,(anonymous_12)
FN:113,(anonymous_13)
FN:116,(anonymous_14)
FN:119,(anonymous_15)
FN:126,(anonymous_16)
FNF:17
FNH:9
FNDA:1,(anonymous_0)
FNDA:1,(anonymous_1)
FNDA:0,(anonymous_2)
FNDA:1,(anonymous_3)
FNDA:2,(anonymous_4)
FNDA:0,(anonymous_5)
FNDA:2,(anonymous_6)
FNDA:0,(anonymous_7)
FNDA:0,(anonymous_8)
FNDA:0,(anonymous_9)
FNDA:0,(anonymous_10)
FNDA:0,(anonymous_11)
FNDA:0,(anonymous_12)
FNDA:1,(anonymous_13)
FNDA:4,(anonymous_14)
FNDA:8,(anonymous_15)
FNDA:13,(anonymous_16)
DA:20,1
DA:21,1
DA:22,1
DA:23,1
DA:24,1
DA:26,1
DA:29,1
DA:30,1
DA:31,1
DA:32,1
DA:33,1
DA:34,1
DA:35,1
DA:36,1
DA:38,1
DA:39,1
DA:41,1
DA:44,1
DA:45,0
DA:46,0
DA:50,1
DA:51,1
DA:52,1
DA:53,1
DA:54,1
DA:57,1
DA:58,2
DA:59,2
DA:60,2
DA:61,1
DA:62,0
DA:63,0
DA:64,0
DA:67,2
DA:69,2
DA:70,0
DA:71,0
DA:72,0
DA:75,2
DA:76,0
DA:79,2
DA:80,0
DA:84,1
DA:85,0
DA:86,0
DA:87,0
DA:88,0
DA:90,0
DA:94,0
DA:96,0
DA:99,1
DA:100,0
DA:103,0
DA:109,1
DA:110,0
DA:111,0
DA:113,1
DA:114,1
DA:117,4
DA:120,8
DA:124,8
DA:126,13
DA:129,1
LF:63
LH:42
BRDA:45,0,0,0
BRDA:45,0,1,0
BRDA:60,1,0,1
BRDA:60,1,1,1
BRDA:69,2,0,0
BRDA:69,2,1,2
BRDA:85,3,0,0
BRDA:85,3,1,0
BRDA:87,4,0,0
BRDA:87,4,1,0
BRDA:91,5,0,0
BRDA:91,5,1,0
BRF:12
BRH:3
end_of_record
TN:
SF:/Users/bahadirsofuoglu/Documents/projects/matching-card-memory-game/src/components/Card.vue
FN:21,(anonymous_0)
FN:22,(anonymous_1)
FN:29,(anonymous_2)
FNF:3
FNH:3
FNDA:1,(anonymous_0)
FNDA:3,(anonymous_1)
FNDA:1,(anonymous_2)
DA:13,2
DA:14,2
DA:22,1
DA:23,3
DA:24,1
DA:26,2
DA:29,1
DA:30,1
DA:32,1
LF:9
LH:9
BRDA:23,0,0,1
BRDA:23,0,1,2
BRF:2
BRH:2
end_of_record
TN:
SF:/Users/bahadirsofuoglu/Documents/projects/matching-card-memory-game/src/components/Header.vue
FN:29,(anonymous_0)
FN:30,(anonymous_1)
FNF:2
FNH:2
FNDA:1,(anonymous_0)
FNDA:2,(anonymous_1)
DA:12,2
DA:13,2
DA:30,1
DA:31,2
DA:32,1
DA:34,1
DA:36,1
LF:7
LH:7
BRDA:31,0,0,1
BRDA:31,0,1,1
BRF:2
BRH:2
end_of_record
